{"meta": {"format": 3, "version": "7.12.0", "timestamp": "2025-11-30T13:24:28.282270", "branch_coverage": false, "show_contexts": false}, "files": {"app\\__init__.py": {"executed_lines": [0], "summary": {"covered_lines": 0, "num_statements": 0, "percent_covered": 100.0, "percent_covered_display": "100", "missing_lines": 0, "excluded_lines": 0, "percent_statements_covered": 100.0, "percent_statements_covered_display": "100"}, "missing_lines": [], "excluded_lines": [], "functions": {"": {"executed_lines": [], "summary": {"covered_lines": 0, "num_statements": 0, "percent_covered": 100.0, "percent_covered_display": "100", "missing_lines": 0, "excluded_lines": 0, "percent_statements_covered": 100.0, "percent_statements_covered_display": "100"}, "missing_lines": [], "excluded_lines": []}}, "classes": {"": {"executed_lines": [], "summary": {"covered_lines": 0, "num_statements": 0, "percent_covered": 100.0, "percent_covered_display": "100", "missing_lines": 0, "excluded_lines": 0, "percent_statements_covered": 100.0, "percent_statements_covered_display": "100"}, "missing_lines": [], "excluded_lines": []}}}, "app\\config.py": {"executed_lines": [1, 2, 3, 4, 5, 7, 9, 12, 13, 14, 15, 18, 19, 20, 23, 24, 25, 28, 31, 32, 33, 36, 37, 39, 40, 42, 43, 46, 51, 58, 69, 70, 77, 78, 85, 86, 89, 92], "summary": {"covered_lines": 38, "num_statements": 59, "percent_covered": 64.40677966101696, "percent_covered_display": "64", "missing_lines": 21, "excluded_lines": 0, "percent_statements_covered": 64.40677966101696, "percent_statements_covered_display": "64"}, "missing_lines": [47, 48, 49, 52, 53, 54, 55, 59, 63, 64, 65, 66, 71, 72, 73, 74, 79, 80, 81, 82, 90], "excluded_lines": [], "functions": {"Settings.__init__": {"executed_lines": [43, 46, 51, 58, 69, 70, 77, 78, 85, 86, 89], "summary": {"covered_lines": 11, "num_statements": 32, "percent_covered": 34.375, "percent_covered_display": "34", "missing_lines": 21, "excluded_lines": 0, "percent_statements_covered": 34.375, "percent_statements_covered_display": "34"}, "missing_lines": [47, 48, 49, 52, 53, 54, 55, 59, 63, 64, 65, 66, 71, 72, 73, 74, 79, 80, 81, 82, 90], "excluded_lines": []}, "": {"executed_lines": [1, 2, 3, 4, 5, 7, 9, 12, 13, 14, 15, 18, 19, 20, 23, 24, 25, 28, 31, 32, 33, 36, 37, 39, 40, 42, 92], "summary": {"covered_lines": 27, "num_statements": 27, "percent_covered": 100.0, "percent_covered_display": "100", "missing_lines": 0, "excluded_lines": 0, "percent_statements_covered": 100.0, "percent_statements_covered_display": "100"}, "missing_lines": [], "excluded_lines": []}}, "classes": {"Settings": {"executed_lines": [43, 46, 51, 58, 69, 70, 77, 78, 85, 86, 89], "summary": {"covered_lines": 11, "num_statements": 32, "percent_covered": 34.375, "percent_covered_display": "34", "missing_lines": 21, "excluded_lines": 0, "percent_statements_covered": 34.375, "percent_statements_covered_display": "34"}, "missing_lines": [47, 48, 49, 52, 53, 54, 55, 59, 63, 64, 65, 66, 71, 72, 73, 74, 79, 80, 81, 82, 90], "excluded_lines": []}, "Settings.Config": {"executed_lines": [], "summary": {"covered_lines": 0, "num_statements": 0, "percent_covered": 100.0, "percent_covered_display": "100", "missing_lines": 0, "excluded_lines": 0, "percent_statements_covered": 100.0, "percent_statements_covered_display": "100"}, "missing_lines": [], "excluded_lines": []}, "": {"executed_lines": [1, 2, 3, 4, 5, 7, 9, 12, 13, 14, 15, 18, 19, 20, 23, 24, 25, 28, 31, 32, 33, 36, 37, 39, 40, 42, 92], "summary": {"covered_lines": 27, "num_statements": 27, "percent_covered": 100.0, "percent_covered_display": "100", "missing_lines": 0, "excluded_lines": 0, "percent_statements_covered": 100.0, "percent_statements_covered_display": "100"}, "missing_lines": [], "excluded_lines": []}}}, "app\\models\\__init__.py": {"executed_lines": [2, 3, 5], "summary": {"covered_lines": 3, "num_statements": 3, "percent_covered": 100.0, "percent_covered_display": "100", "missing_lines": 0, "excluded_lines": 0, "percent_statements_covered": 100.0, "percent_statements_covered_display": "100"}, "missing_lines": [], "excluded_lines": [], "functions": {"": {"executed_lines": [2, 3, 5], "summary": {"covered_lines": 3, "num_statements": 3, "percent_covered": 100.0, "percent_covered_display": "100", "missing_lines": 0, "excluded_lines": 0, "percent_statements_covered": 100.0, "percent_statements_covered_display": "100"}, "missing_lines": [], "excluded_lines": []}}, "classes": {"": {"executed_lines": [2, 3, 5], "summary": {"covered_lines": 3, "num_statements": 3, "percent_covered": 100.0, "percent_covered_display": "100", "missing_lines": 0, "excluded_lines": 0, "percent_statements_covered": 100.0, "percent_statements_covered_display": "100"}, "missing_lines": [], "excluded_lines": []}}}, "app\\models\\creature_image.py": {"executed_lines": [1, 2, 3, 5, 6, 7, 9, 10, 11, 12, 13, 14, 15, 16, 17, 18, 19, 21], "summary": {"covered_lines": 17, "num_statements": 18, "percent_covered": 94.44444444444444, "percent_covered_display": "94", "missing_lines": 1, "excluded_lines": 0, "percent_statements_covered": 94.44444444444444, "percent_statements_covered_display": "94"}, "missing_lines": [22], "excluded_lines": [], "functions": {"CreatureImageDB.__repr__": {"executed_lines": [], "summary": {"covered_lines": 0, "num_statements": 1, "percent_covered": 0.0, "percent_covered_display": "0", "missing_lines": 1, "excluded_lines": 0, "percent_statements_covered": 0.0, "percent_statements_covered_display": "0"}, "missing_lines": [22], "excluded_lines": []}, "": {"executed_lines": [1, 2, 3, 5, 6, 7, 9, 10, 11, 12, 13, 14, 15, 16, 17, 18, 19, 21], "summary": {"covered_lines": 17, "num_statements": 17, "percent_covered": 100.0, "percent_covered_display": "100", "missing_lines": 0, "excluded_lines": 0, "percent_statements_covered": 100.0, "percent_statements_covered_display": "100"}, "missing_lines": [], "excluded_lines": []}}, "classes": {"CreatureImageDB": {"executed_lines": [], "summary": {"covered_lines": 0, "num_statements": 1, "percent_covered": 0.0, "percent_covered_display": "0", "missing_lines": 1, "excluded_lines": 0, "percent_statements_covered": 0.0, "percent_statements_covered_display": "0"}, "missing_lines": [22], "excluded_lines": []}, "": {"executed_lines": [1, 2, 3, 5, 6, 7, 9, 10, 11, 12, 13, 14, 15, 16, 17, 18, 19, 21], "summary": {"covered_lines": 17, "num_statements": 17, "percent_covered": 100.0, "percent_covered_display": "100", "missing_lines": 0, "excluded_lines": 0, "percent_statements_covered": 100.0, "percent_statements_covered_display": "100"}, "missing_lines": [], "excluded_lines": []}}}, "app\\models\\database.py": {"executed_lines": [1, 2, 3, 4, 5, 7, 10, 11, 12, 18, 24, 27, 30], "summary": {"covered_lines": 13, "num_statements": 20, "percent_covered": 65.0, "percent_covered_display": "65", "missing_lines": 7, "excluded_lines": 0, "percent_statements_covered": 65.0, "percent_statements_covered_display": "65"}, "missing_lines": [19, 20, 21, 31, 32, 33, 35], "excluded_lines": [], "functions": {"get_db": {"executed_lines": [], "summary": {"covered_lines": 0, "num_statements": 4, "percent_covered": 0.0, "percent_covered_display": "0", "missing_lines": 4, "excluded_lines": 0, "percent_statements_covered": 0.0, "percent_statements_covered_display": "0"}, "missing_lines": [31, 32, 33, 35], "excluded_lines": []}, "": {"executed_lines": [1, 2, 3, 4, 5, 7, 10, 11, 12, 18, 24, 27, 30], "summary": {"covered_lines": 13, "num_statements": 16, "percent_covered": 81.25, "percent_covered_display": "81", "missing_lines": 3, "excluded_lines": 0, "percent_statements_covered": 81.25, "percent_statements_covered_display": "81"}, "missing_lines": [19, 20, 21], "excluded_lines": []}}, "classes": {"": {"executed_lines": [1, 2, 3, 4, 5, 7, 10, 11, 12, 18, 24, 27, 30], "summary": {"covered_lines": 13, "num_statements": 20, "percent_covered": 65.0, "percent_covered_display": "65", "missing_lines": 7, "excluded_lines": 0, "percent_statements_covered": 65.0, "percent_statements_covered_display": "65"}, "missing_lines": [19, 20, 21, 31, 32, 33, 35], "excluded_lines": []}}}, "app\\models\\enums.py": {"executed_lines": [1, 3, 4, 5, 6, 7], "summary": {"covered_lines": 6, "num_statements": 6, "percent_covered": 100.0, "percent_covered_display": "100", "missing_lines": 0, "excluded_lines": 0, "percent_statements_covered": 100.0, "percent_statements_covered_display": "100"}, "missing_lines": [], "excluded_lines": [], "functions": {"": {"executed_lines": [1, 3, 4, 5, 6, 7], "summary": {"covered_lines": 6, "num_statements": 6, "percent_covered": 100.0, "percent_covered_display": "100", "missing_lines": 0, "excluded_lines": 0, "percent_statements_covered": 100.0, "percent_statements_covered_display": "100"}, "missing_lines": [], "excluded_lines": []}}, "classes": {"CreatureType": {"executed_lines": [], "summary": {"covered_lines": 0, "num_statements": 0, "percent_covered": 100.0, "percent_covered_display": "100", "missing_lines": 0, "excluded_lines": 0, "percent_statements_covered": 100.0, "percent_statements_covered_display": "100"}, "missing_lines": [], "excluded_lines": []}, "": {"executed_lines": [1, 3, 4, 5, 6, 7], "summary": {"covered_lines": 6, "num_statements": 6, "percent_covered": 100.0, "percent_covered_display": "100", "missing_lines": 0, "excluded_lines": 0, "percent_statements_covered": 100.0, "percent_statements_covered_display": "100"}, "missing_lines": [], "excluded_lines": []}}}, "app\\models\\models.py": {"executed_lines": [1, 2, 3, 4, 5, 7, 8, 9, 12, 13, 16, 17, 19, 20, 23, 25, 26, 28, 31, 34, 36, 37, 40, 41, 45, 46, 48, 49, 50, 51, 52, 55, 56, 58, 59, 61, 62, 63, 64, 65, 66, 67, 70, 71, 73, 74, 76, 77, 78, 79, 80, 81, 82, 85, 86, 88, 89, 91, 92, 93, 94, 95, 96, 97, 100, 102, 103, 105, 106, 107, 108, 109, 110, 111, 114], "summary": {"covered_lines": 74, "num_statements": 80, "percent_covered": 92.5, "percent_covered_display": "92", "missing_lines": 6, "excluded_lines": 0, "percent_statements_covered": 92.5, "percent_statements_covered_display": "92"}, "missing_lines": [21, 27, 29, 32, 38, 43], "excluded_lines": [], "functions": {"UUID.load_dialect_impl": {"executed_lines": [20, 23], "summary": {"covered_lines": 2, "num_statements": 3, "percent_covered": 66.66666666666667, "percent_covered_display": "67", "missing_lines": 1, "excluded_lines": 0, "percent_statements_covered": 66.66666666666667, "percent_statements_covered_display": "67"}, "missing_lines": [21], "excluded_lines": []}, "UUID.process_bind_param": {"executed_lines": [26, 28, 31, 34], "summary": {"covered_lines": 4, "num_statements": 7, "percent_covered": 57.142857142857146, "percent_covered_display": "57", "missing_lines": 3, "excluded_lines": 0, "percent_statements_covered": 57.142857142857146, "percent_statements_covered_display": "57"}, "missing_lines": [27, 29, 32], "excluded_lines": []}, "UUID.process_result_value": {"executed_lines": [37, 40, 41], "summary": {"covered_lines": 3, "num_statements": 5, "percent_covered": 60.0, "percent_covered_display": "60", "missing_lines": 2, "excluded_lines": 0, "percent_statements_covered": 60.0, "percent_statements_covered_display": "60"}, "missing_lines": [38, 43], "excluded_lines": []}, "": {"executed_lines": [1, 2, 3, 4, 5, 7, 8, 9, 12, 13, 16, 17, 19, 25, 36, 45, 46, 48, 49, 50, 51, 52, 55, 56, 58, 59, 61, 62, 63, 64, 65, 66, 67, 70, 71, 73, 74, 76, 77, 78, 79, 80, 81, 82, 85, 86, 88, 89, 91, 92, 93, 94, 95, 96, 97, 100, 102, 103, 105, 106, 107, 108, 109, 110, 111, 114], "summary": {"covered_lines": 65, "num_statements": 65, "percent_covered": 100.0, "percent_covered_display": "100", "missing_lines": 0, "excluded_lines": 0, "percent_statements_covered": 100.0, "percent_statements_covered_display": "100"}, "missing_lines": [], "excluded_lines": []}}, "classes": {"UUID": {"executed_lines": [20, 23, 26, 28, 31, 34, 37, 40, 41], "summary": {"covered_lines": 9, "num_statements": 15, "percent_covered": 60.0, "percent_covered_display": "60", "missing_lines": 6, "excluded_lines": 0, "percent_statements_covered": 60.0, "percent_statements_covered_display": "60"}, "missing_lines": [21, 27, 29, 32, 38, 43], "excluded_lines": []}, "User": {"executed_lines": [], "summary": {"covered_lines": 0, "num_statements": 0, "percent_covered": 100.0, "percent_covered_display": "100", "missing_lines": 0, "excluded_lines": 0, "percent_statements_covered": 100.0, "percent_statements_covered_display": "100"}, "missing_lines": [], "excluded_lines": []}, "Encounter": {"executed_lines": [], "summary": {"covered_lines": 0, "num_statements": 0, "percent_covered": 100.0, "percent_covered_display": "100", "missing_lines": 0, "excluded_lines": 0, "percent_statements_covered": 100.0, "percent_statements_covered_display": "100"}, "missing_lines": [], "excluded_lines": []}, "Preset": {"executed_lines": [], "summary": {"covered_lines": 0, "num_statements": 0, "percent_covered": 100.0, "percent_covered_display": "100", "missing_lines": 0, "excluded_lines": 0, "percent_statements_covered": 100.0, "percent_statements_covered_display": "100"}, "missing_lines": [], "excluded_lines": []}, "Creature": {"executed_lines": [], "summary": {"covered_lines": 0, "num_statements": 0, "percent_covered": 100.0, "percent_covered_display": "100", "missing_lines": 0, "excluded_lines": 0, "percent_statements_covered": 100.0, "percent_statements_covered_display": "100"}, "missing_lines": [], "excluded_lines": []}, "PresetCreature": {"executed_lines": [], "summary": {"covered_lines": 0, "num_statements": 0, "percent_covered": 100.0, "percent_covered_display": "100", "missing_lines": 0, "excluded_lines": 0, "percent_statements_covered": 100.0, "percent_statements_covered_display": "100"}, "missing_lines": [], "excluded_lines": []}, "": {"executed_lines": [1, 2, 3, 4, 5, 7, 8, 9, 12, 13, 16, 17, 19, 25, 36, 45, 46, 48, 49, 50, 51, 52, 55, 56, 58, 59, 61, 62, 63, 64, 65, 66, 67, 70, 71, 73, 74, 76, 77, 78, 79, 80, 81, 82, 85, 86, 88, 89, 91, 92, 93, 94, 95, 96, 97, 100, 102, 103, 105, 106, 107, 108, 109, 110, 111, 114], "summary": {"covered_lines": 65, "num_statements": 65, "percent_covered": 100.0, "percent_covered_display": "100", "missing_lines": 0, "excluded_lines": 0, "percent_statements_covered": 100.0, "percent_statements_covered_display": "100"}, "missing_lines": [], "excluded_lines": []}}}, "app\\models\\schemas.py": {"executed_lines": [1, 2, 3, 4, 5, 8, 9, 11, 12, 13, 15, 16, 17, 19, 21, 22, 23, 25, 26, 27, 28, 31, 32, 33, 34, 35, 37, 38, 39, 41, 42, 44, 45, 46, 47, 48, 50, 51, 52, 53, 55, 58, 59, 60, 62, 63, 65, 66, 67, 69, 70, 72, 73, 74, 75, 76, 77, 78, 80, 82, 83, 84, 85, 87, 90, 91, 92, 93, 95, 96, 98, 99, 100, 101, 103, 104, 105, 106, 107, 108, 110, 112, 113, 114, 115, 117, 120, 121, 122, 125, 126, 127], "summary": {"covered_lines": 91, "num_statements": 91, "percent_covered": 100.0, "percent_covered_display": "100", "missing_lines": 0, "excluded_lines": 0, "percent_statements_covered": 100.0, "percent_statements_covered_display": "100"}, "missing_lines": [], "excluded_lines": [], "functions": {"": {"executed_lines": [1, 2, 3, 4, 5, 8, 9, 11, 12, 13, 15, 16, 17, 19, 21, 22, 23, 25, 26, 27, 28, 31, 32, 33, 34, 35, 37, 38, 39, 41, 42, 44, 45, 46, 47, 48, 50, 51, 52, 53, 55, 58, 59, 60, 62, 63, 65, 66, 67, 69, 70, 72, 73, 74, 75, 76, 77, 78, 80, 82, 83, 84, 85, 87, 90, 91, 92, 93, 95, 96, 98, 99, 100, 101, 103, 104, 105, 106, 107, 108, 110, 112, 113, 114, 115, 117, 120, 121, 122, 125, 126, 127], "summary": {"covered_lines": 91, "num_statements": 91, "percent_covered": 100.0, "percent_covered_display": "100", "missing_lines": 0, "excluded_lines": 0, "percent_statements_covered": 100.0, "percent_statements_covered_display": "100"}, "missing_lines": [], "excluded_lines": []}}, "classes": {"UserBase": {"executed_lines": [], "summary": {"covered_lines": 0, "num_statements": 0, "percent_covered": 100.0, "percent_covered_display": "100", "missing_lines": 0, "excluded_lines": 0, "percent_statements_covered": 100.0, "percent_statements_covered_display": "100"}, "missing_lines": [], "excluded_lines": []}, "UserCreate": {"executed_lines": [], "summary": {"covered_lines": 0, "num_statements": 0, "percent_covered": 100.0, "percent_covered_display": "100", "missing_lines": 0, "excluded_lines": 0, "percent_statements_covered": 100.0, "percent_statements_covered_display": "100"}, "missing_lines": [], "excluded_lines": []}, "UserResponse": {"executed_lines": [], "summary": {"covered_lines": 0, "num_statements": 0, "percent_covered": 100.0, "percent_covered_display": "100", "missing_lines": 0, "excluded_lines": 0, "percent_statements_covered": 100.0, "percent_statements_covered_display": "100"}, "missing_lines": [], "excluded_lines": []}, "UserLogin": {"executed_lines": [], "summary": {"covered_lines": 0, "num_statements": 0, "percent_covered": 100.0, "percent_covered_display": "100", "missing_lines": 0, "excluded_lines": 0, "percent_statements_covered": 100.0, "percent_statements_covered_display": "100"}, "missing_lines": [], "excluded_lines": []}, "Token": {"executed_lines": [], "summary": {"covered_lines": 0, "num_statements": 0, "percent_covered": 100.0, "percent_covered_display": "100", "missing_lines": 0, "excluded_lines": 0, "percent_statements_covered": 100.0, "percent_statements_covered_display": "100"}, "missing_lines": [], "excluded_lines": []}, "CreatureBase": {"executed_lines": [], "summary": {"covered_lines": 0, "num_statements": 0, "percent_covered": 100.0, "percent_covered_display": "100", "missing_lines": 0, "excluded_lines": 0, "percent_statements_covered": 100.0, "percent_statements_covered_display": "100"}, "missing_lines": [], "excluded_lines": []}, "CreatureCreateNested": {"executed_lines": [], "summary": {"covered_lines": 0, "num_statements": 0, "percent_covered": 100.0, "percent_covered_display": "100", "missing_lines": 0, "excluded_lines": 0, "percent_statements_covered": 100.0, "percent_statements_covered_display": "100"}, "missing_lines": [], "excluded_lines": []}, "CreatureCreate": {"executed_lines": [], "summary": {"covered_lines": 0, "num_statements": 0, "percent_covered": 100.0, "percent_covered_display": "100", "missing_lines": 0, "excluded_lines": 0, "percent_statements_covered": 100.0, "percent_statements_covered_display": "100"}, "missing_lines": [], "excluded_lines": []}, "CreatureUpdate": {"executed_lines": [], "summary": {"covered_lines": 0, "num_statements": 0, "percent_covered": 100.0, "percent_covered_display": "100", "missing_lines": 0, "excluded_lines": 0, "percent_statements_covered": 100.0, "percent_statements_covered_display": "100"}, "missing_lines": [], "excluded_lines": []}, "CreatureResponse": {"executed_lines": [], "summary": {"covered_lines": 0, "num_statements": 0, "percent_covered": 100.0, "percent_covered_display": "100", "missing_lines": 0, "excluded_lines": 0, "percent_statements_covered": 100.0, "percent_statements_covered_display": "100"}, "missing_lines": [], "excluded_lines": []}, "EncounterBase": {"executed_lines": [], "summary": {"covered_lines": 0, "num_statements": 0, "percent_covered": 100.0, "percent_covered_display": "100", "missing_lines": 0, "excluded_lines": 0, "percent_statements_covered": 100.0, "percent_statements_covered_display": "100"}, "missing_lines": [], "excluded_lines": []}, "EncounterCreate": {"executed_lines": [], "summary": {"covered_lines": 0, "num_statements": 0, "percent_covered": 100.0, "percent_covered_display": "100", "missing_lines": 0, "excluded_lines": 0, "percent_statements_covered": 100.0, "percent_statements_covered_display": "100"}, "missing_lines": [], "excluded_lines": []}, "EncounterUpdate": {"executed_lines": [], "summary": {"covered_lines": 0, "num_statements": 0, "percent_covered": 100.0, "percent_covered_display": "100", "missing_lines": 0, "excluded_lines": 0, "percent_statements_covered": 100.0, "percent_statements_covered_display": "100"}, "missing_lines": [], "excluded_lines": []}, "EncounterRoundUpdate": {"executed_lines": [], "summary": {"covered_lines": 0, "num_statements": 0, "percent_covered": 100.0, "percent_covered_display": "100", "missing_lines": 0, "excluded_lines": 0, "percent_statements_covered": 100.0, "percent_statements_covered_display": "100"}, "missing_lines": [], "excluded_lines": []}, "EncounterResponse": {"executed_lines": [], "summary": {"covered_lines": 0, "num_statements": 0, "percent_covered": 100.0, "percent_covered_display": "100", "missing_lines": 0, "excluded_lines": 0, "percent_statements_covered": 100.0, "percent_statements_covered_display": "100"}, "missing_lines": [], "excluded_lines": []}, "EncounterSummary": {"executed_lines": [], "summary": {"covered_lines": 0, "num_statements": 0, "percent_covered": 100.0, "percent_covered_display": "100", "missing_lines": 0, "excluded_lines": 0, "percent_statements_covered": 100.0, "percent_statements_covered_display": "100"}, "missing_lines": [], "excluded_lines": []}, "PresetBase": {"executed_lines": [], "summary": {"covered_lines": 0, "num_statements": 0, "percent_covered": 100.0, "percent_covered_display": "100", "missing_lines": 0, "excluded_lines": 0, "percent_statements_covered": 100.0, "percent_statements_covered_display": "100"}, "missing_lines": [], "excluded_lines": []}, "PresetCreate": {"executed_lines": [], "summary": {"covered_lines": 0, "num_statements": 0, "percent_covered": 100.0, "percent_covered_display": "100", "missing_lines": 0, "excluded_lines": 0, "percent_statements_covered": 100.0, "percent_statements_covered_display": "100"}, "missing_lines": [], "excluded_lines": []}, "PresetUpdate": {"executed_lines": [], "summary": {"covered_lines": 0, "num_statements": 0, "percent_covered": 100.0, "percent_covered_display": "100", "missing_lines": 0, "excluded_lines": 0, "percent_statements_covered": 100.0, "percent_statements_covered_display": "100"}, "missing_lines": [], "excluded_lines": []}, "PresetResponse": {"executed_lines": [], "summary": {"covered_lines": 0, "num_statements": 0, "percent_covered": 100.0, "percent_covered_display": "100", "missing_lines": 0, "excluded_lines": 0, "percent_statements_covered": 100.0, "percent_statements_covered_display": "100"}, "missing_lines": [], "excluded_lines": []}, "PresetSummary": {"executed_lines": [], "summary": {"covered_lines": 0, "num_statements": 0, "percent_covered": 100.0, "percent_covered_display": "100", "missing_lines": 0, "excluded_lines": 0, "percent_statements_covered": 100.0, "percent_statements_covered_display": "100"}, "missing_lines": [], "excluded_lines": []}, "FileUpload": {"executed_lines": [], "summary": {"covered_lines": 0, "num_statements": 0, "percent_covered": 100.0, "percent_covered_display": "100", "missing_lines": 0, "excluded_lines": 0, "percent_statements_covered": 100.0, "percent_statements_covered_display": "100"}, "missing_lines": [], "excluded_lines": []}, "ErrorResponse": {"executed_lines": [], "summary": {"covered_lines": 0, "num_statements": 0, "percent_covered": 100.0, "percent_covered_display": "100", "missing_lines": 0, "excluded_lines": 0, "percent_statements_covered": 100.0, "percent_statements_covered_display": "100"}, "missing_lines": [], "excluded_lines": []}, "": {"executed_lines": [1, 2, 3, 4, 5, 8, 9, 11, 12, 13, 15, 16, 17, 19, 21, 22, 23, 25, 26, 27, 28, 31, 32, 33, 34, 35, 37, 38, 39, 41, 42, 44, 45, 46, 47, 48, 50, 51, 52, 53, 55, 58, 59, 60, 62, 63, 65, 66, 67, 69, 70, 72, 73, 74, 75, 76, 77, 78, 80, 82, 83, 84, 85, 87, 90, 91, 92, 93, 95, 96, 98, 99, 100, 101, 103, 104, 105, 106, 107, 108, 110, 112, 113, 114, 115, 117, 120, 121, 122, 125, 126, 127], "summary": {"covered_lines": 91, "num_statements": 91, "percent_covered": 100.0, "percent_covered_display": "100", "missing_lines": 0, "excluded_lines": 0, "percent_statements_covered": 100.0, "percent_statements_covered_display": "100"}, "missing_lines": [], "excluded_lines": []}}}, "app\\routers\\__init__.py": {"executed_lines": [2, 4], "summary": {"covered_lines": 2, "num_statements": 2, "percent_covered": 100.0, "percent_covered_display": "100", "missing_lines": 0, "excluded_lines": 0, "percent_statements_covered": 100.0, "percent_statements_covered_display": "100"}, "missing_lines": [], "excluded_lines": [], "functions": {"": {"executed_lines": [2, 4], "summary": {"covered_lines": 2, "num_statements": 2, "percent_covered": 100.0, "percent_covered_display": "100", "missing_lines": 0, "excluded_lines": 0, "percent_statements_covered": 100.0, "percent_statements_covered_display": "100"}, "missing_lines": [], "excluded_lines": []}}, "classes": {"": {"executed_lines": [2, 4], "summary": {"covered_lines": 2, "num_statements": 2, "percent_covered": 100.0, "percent_covered_display": "100", "missing_lines": 0, "excluded_lines": 0, "percent_statements_covered": 100.0, "percent_statements_covered_display": "100"}, "missing_lines": [], "excluded_lines": []}}}, "app\\routers\\auth.py": {"executed_lines": [1, 2, 3, 4, 5, 6, 7, 9, 11, 12, 15, 16, 22, 23, 24, 30, 31, 36, 37, 38, 41, 43, 49, 50, 53, 55, 56, 62, 64, 70, 71, 75, 76], "summary": {"covered_lines": 33, "num_statements": 35, "percent_covered": 94.28571428571429, "percent_covered_display": "94", "missing_lines": 2, "excluded_lines": 0, "percent_statements_covered": 94.28571428571429, "percent_statements_covered_display": "94"}, "missing_lines": [73, 78], "excluded_lines": [], "functions": {"register": {"executed_lines": [15, 16, 22, 23, 24, 30, 31, 36, 37, 38, 41, 43], "summary": {"covered_lines": 12, "num_statements": 12, "percent_covered": 100.0, "percent_covered_display": "100", "missing_lines": 0, "excluded_lines": 0, "percent_statements_covered": 100.0, "percent_statements_covered_display": "100"}, "missing_lines": [], "excluded_lines": []}, "login": {"executed_lines": [53, 55, 56, 62, 64], "summary": {"covered_lines": 5, "num_statements": 5, "percent_covered": 100.0, "percent_covered_display": "100", "missing_lines": 0, "excluded_lines": 0, "percent_statements_covered": 100.0, "percent_statements_covered_display": "100"}, "missing_lines": [], "excluded_lines": []}, "logout": {"executed_lines": [], "summary": {"covered_lines": 0, "num_statements": 1, "percent_covered": 0.0, "percent_covered_display": "0", "missing_lines": 1, "excluded_lines": 0, "percent_statements_covered": 0.0, "percent_statements_covered_display": "0"}, "missing_lines": [73], "excluded_lines": []}, "get_current_user_info": {"executed_lines": [], "summary": {"covered_lines": 0, "num_statements": 1, "percent_covered": 0.0, "percent_covered_display": "0", "missing_lines": 1, "excluded_lines": 0, "percent_statements_covered": 0.0, "percent_statements_covered_display": "0"}, "missing_lines": [78], "excluded_lines": []}, "": {"executed_lines": [1, 2, 3, 4, 5, 6, 7, 9, 11, 12, 49, 50, 70, 71, 75, 76], "summary": {"covered_lines": 16, "num_statements": 16, "percent_covered": 100.0, "percent_covered_display": "100", "missing_lines": 0, "excluded_lines": 0, "percent_statements_covered": 100.0, "percent_statements_covered_display": "100"}, "missing_lines": [], "excluded_lines": []}}, "classes": {"": {"executed_lines": [1, 2, 3, 4, 5, 6, 7, 9, 11, 12, 15, 16, 22, 23, 24, 30, 31, 36, 37, 38, 41, 43, 49, 50, 53, 55, 56, 62, 64, 70, 71, 75, 76], "summary": {"covered_lines": 33, "num_statements": 35, "percent_covered": 94.28571428571429, "percent_covered_display": "94", "missing_lines": 2, "excluded_lines": 0, "percent_statements_covered": 94.28571428571429, "percent_statements_covered_display": "94"}, "missing_lines": [73, 78], "excluded_lines": []}}}, "app\\routers\\creatures.py": {"executed_lines": [1, 2, 3, 4, 5, 6, 7, 8, 10, 12, 13, 18, 22, 24, 25, 32, 37, 38, 44, 52, 53, 54, 56, 58, 59, 65, 70, 71, 76, 78, 79, 86, 91, 92, 97, 98, 100], "summary": {"covered_lines": 37, "num_statements": 37, "percent_covered": 100.0, "percent_covered_display": "100", "missing_lines": 0, "excluded_lines": 0, "percent_statements_covered": 100.0, "percent_statements_covered_display": "100"}, "missing_lines": [], "excluded_lines": [], "functions": {"get_creatures": {"executed_lines": [18, 22], "summary": {"covered_lines": 2, "num_statements": 2, "percent_covered": 100.0, "percent_covered_display": "100", "missing_lines": 0, "excluded_lines": 0, "percent_statements_covered": 100.0, "percent_statements_covered_display": "100"}, "missing_lines": [], "excluded_lines": []}, "create_creature": {"executed_lines": [32, 37, 38, 44, 52, 53, 54, 56], "summary": {"covered_lines": 8, "num_statements": 8, "percent_covered": 100.0, "percent_covered_display": "100", "missing_lines": 0, "excluded_lines": 0, "percent_statements_covered": 100.0, "percent_statements_covered_display": "100"}, "missing_lines": [], "excluded_lines": []}, "get_creature": {"executed_lines": [65, 70, 71, 76], "summary": {"covered_lines": 4, "num_statements": 4, "percent_covered": 100.0, "percent_covered_display": "100", "missing_lines": 0, "excluded_lines": 0, "percent_statements_covered": 100.0, "percent_statements_covered_display": "100"}, "missing_lines": [], "excluded_lines": []}, "delete_creature": {"executed_lines": [86, 91, 92, 97, 98, 100], "summary": {"covered_lines": 6, "num_statements": 6, "percent_covered": 100.0, "percent_covered_display": "100", "missing_lines": 0, "excluded_lines": 0, "percent_statements_covered": 100.0, "percent_statements_covered_display": "100"}, "missing_lines": [], "excluded_lines": []}, "": {"executed_lines": [1, 2, 3, 4, 5, 6, 7, 8, 10, 12, 13, 24, 25, 58, 59, 78, 79], "summary": {"covered_lines": 17, "num_statements": 17, "percent_covered": 100.0, "percent_covered_display": "100", "missing_lines": 0, "excluded_lines": 0, "percent_statements_covered": 100.0, "percent_statements_covered_display": "100"}, "missing_lines": [], "excluded_lines": []}}, "classes": {"": {"executed_lines": [1, 2, 3, 4, 5, 6, 7, 8, 10, 12, 13, 18, 22, 24, 25, 32, 37, 38, 44, 52, 53, 54, 56, 58, 59, 65, 70, 71, 76, 78, 79, 86, 91, 92, 97, 98, 100], "summary": {"covered_lines": 37, "num_statements": 37, "percent_covered": 100.0, "percent_covered_display": "100", "missing_lines": 0, "excluded_lines": 0, "percent_statements_covered": 100.0, "percent_statements_covered_display": "100"}, "missing_lines": [], "excluded_lines": []}}}, "app\\routers\\encounters.py": {"executed_lines": [1, 2, 3, 4, 5, 6, 7, 11, 12, 14, 16, 17, 22, 34, 45, 46, 53, 59, 60, 63, 64, 71, 73, 74, 76, 78, 79, 85, 90, 91, 96, 98, 99, 106, 111, 112, 118, 119, 120, 121, 123, 124, 126, 128, 129, 136, 141, 142, 147, 148, 149, 151, 153, 154, 160, 165, 171, 172, 174, 176, 177, 183, 188, 189, 195, 199, 201, 202, 224, 225, 257, 258, 294, 295], "summary": {"covered_lines": 74, "num_statements": 107, "percent_covered": 69.1588785046729, "percent_covered_display": "69", "missing_lines": 33, "excluded_lines": 0, "percent_statements_covered": 69.1588785046729, "percent_statements_covered_display": "69"}, "missing_lines": [166, 210, 216, 217, 222, 232, 237, 238, 243, 251, 252, 253, 255, 267, 273, 274, 280, 281, 282, 283, 284, 285, 286, 287, 289, 290, 292, 303, 309, 310, 315, 316, 318], "excluded_lines": [], "functions": {"get_user_encounters": {"executed_lines": [22, 34], "summary": {"covered_lines": 2, "num_statements": 2, "percent_covered": 100.0, "percent_covered_display": "100", "missing_lines": 0, "excluded_lines": 0, "percent_statements_covered": 100.0, "percent_statements_covered_display": "100"}, "missing_lines": [], "excluded_lines": []}, "create_encounter": {"executed_lines": [53, 59, 60, 63, 64, 71, 73, 74, 76], "summary": {"covered_lines": 9, "num_statements": 9, "percent_covered": 100.0, "percent_covered_display": "100", "missing_lines": 0, "excluded_lines": 0, "percent_statements_covered": 100.0, "percent_statements_covered_display": "100"}, "missing_lines": [], "excluded_lines": []}, "get_encounter": {"executed_lines": [85, 90, 91, 96], "summary": {"covered_lines": 4, "num_statements": 4, "percent_covered": 100.0, "percent_covered_display": "100", "missing_lines": 0, "excluded_lines": 0, "percent_statements_covered": 100.0, "percent_statements_covered_display": "100"}, "missing_lines": [], "excluded_lines": []}, "update_encounter": {"executed_lines": [106, 111, 112, 118, 119, 120, 121, 123, 124, 126], "summary": {"covered_lines": 10, "num_statements": 10, "percent_covered": 100.0, "percent_covered_display": "100", "missing_lines": 0, "excluded_lines": 0, "percent_statements_covered": 100.0, "percent_statements_covered_display": "100"}, "missing_lines": [], "excluded_lines": []}, "update_encounter_round": {"executed_lines": [136, 141, 142, 147, 148, 149, 151], "summary": {"covered_lines": 7, "num_statements": 7, "percent_covered": 100.0, "percent_covered_display": "100", "missing_lines": 0, "excluded_lines": 0, "percent_statements_covered": 100.0, "percent_statements_covered_display": "100"}, "missing_lines": [], "excluded_lines": []}, "delete_encounter": {"executed_lines": [160, 165, 171, 172, 174], "summary": {"covered_lines": 5, "num_statements": 6, "percent_covered": 83.33333333333333, "percent_covered_display": "83", "missing_lines": 1, "excluded_lines": 0, "percent_statements_covered": 83.33333333333333, "percent_statements_covered_display": "83"}, "missing_lines": [166], "excluded_lines": []}, "get_encounter_creatures": {"executed_lines": [183, 188, 189, 195, 199], "summary": {"covered_lines": 5, "num_statements": 5, "percent_covered": 100.0, "percent_covered_display": "100", "missing_lines": 0, "excluded_lines": 0, "percent_statements_covered": 100.0, "percent_statements_covered_display": "100"}, "missing_lines": [], "excluded_lines": []}, "get_creature": {"executed_lines": [], "summary": {"covered_lines": 0, "num_statements": 4, "percent_covered": 0.0, "percent_covered_display": "0", "missing_lines": 4, "excluded_lines": 0, "percent_statements_covered": 0.0, "percent_statements_covered_display": "0"}, "missing_lines": [210, 216, 217, 222], "excluded_lines": []}, "add_creature_to_encounter": {"executed_lines": [], "summary": {"covered_lines": 0, "num_statements": 8, "percent_covered": 0.0, "percent_covered_display": "0", "missing_lines": 8, "excluded_lines": 0, "percent_statements_covered": 0.0, "percent_statements_covered_display": "0"}, "missing_lines": [232, 237, 238, 243, 251, 252, 253, 255], "excluded_lines": []}, "update_creature": {"executed_lines": [], "summary": {"covered_lines": 0, "num_statements": 14, "percent_covered": 0.0, "percent_covered_display": "0", "missing_lines": 14, "excluded_lines": 0, "percent_statements_covered": 0.0, "percent_statements_covered_display": "0"}, "missing_lines": [267, 273, 274, 280, 281, 282, 283, 284, 285, 286, 287, 289, 290, 292], "excluded_lines": []}, "delete_creature": {"executed_lines": [], "summary": {"covered_lines": 0, "num_statements": 6, "percent_covered": 0.0, "percent_covered_display": "0", "missing_lines": 6, "excluded_lines": 0, "percent_statements_covered": 0.0, "percent_statements_covered_display": "0"}, "missing_lines": [303, 309, 310, 315, 316, 318], "excluded_lines": []}, "": {"executed_lines": [1, 2, 3, 4, 5, 6, 7, 11, 12, 14, 16, 17, 45, 46, 78, 79, 98, 99, 128, 129, 153, 154, 176, 177, 201, 202, 224, 225, 257, 258, 294, 295], "summary": {"covered_lines": 32, "num_statements": 32, "percent_covered": 100.0, "percent_covered_display": "100", "missing_lines": 0, "excluded_lines": 0, "percent_statements_covered": 100.0, "percent_statements_covered_display": "100"}, "missing_lines": [], "excluded_lines": []}}, "classes": {"": {"executed_lines": [1, 2, 3, 4, 5, 6, 7, 11, 12, 14, 16, 17, 22, 34, 45, 46, 53, 59, 60, 63, 64, 71, 73, 74, 76, 78, 79, 85, 90, 91, 96, 98, 99, 106, 111, 112, 118, 119, 120, 121, 123, 124, 126, 128, 129, 136, 141, 142, 147, 148, 149, 151, 153, 154, 160, 165, 171, 172, 174, 176, 177, 183, 188, 189, 195, 199, 201, 202, 224, 225, 257, 258, 294, 295], "summary": {"covered_lines": 74, "num_statements": 107, "percent_covered": 69.1588785046729, "percent_covered_display": "69", "missing_lines": 33, "excluded_lines": 0, "percent_statements_covered": 69.1588785046729, "percent_statements_covered_display": "69"}, "missing_lines": [166, 210, 216, 217, 222, 232, 237, 238, 243, 251, 252, 253, 255, 267, 273, 274, 280, 281, 282, 283, 284, 285, 286, 287, 289, 290, 292, 303, 309, 310, 315, 316, 318], "excluded_lines": []}}}, "app\\routers\\health.py": {"executed_lines": [1, 2, 3, 4, 5, 6, 7, 8, 10, 12, 15, 18, 19, 31, 39, 40, 41, 52, 55, 56, 62, 63, 64, 69, 70, 76], "summary": {"covered_lines": 25, "num_statements": 30, "percent_covered": 83.33333333333333, "percent_covered_display": "83", "missing_lines": 5, "excluded_lines": 0, "percent_statements_covered": 83.33333333333333, "percent_statements_covered_display": "83"}, "missing_lines": [45, 46, 47, 65, 66], "excluded_lines": [], "functions": {"health_check": {"executed_lines": [31, 39, 40, 41, 52], "summary": {"covered_lines": 5, "num_statements": 8, "percent_covered": 62.5, "percent_covered_display": "62", "missing_lines": 3, "excluded_lines": 0, "percent_statements_covered": 62.5, "percent_statements_covered_display": "62"}, "missing_lines": [45, 46, 47], "excluded_lines": []}, "readiness_check": {"executed_lines": [62, 63, 64], "summary": {"covered_lines": 3, "num_statements": 5, "percent_covered": 60.0, "percent_covered_display": "60", "missing_lines": 2, "excluded_lines": 0, "percent_statements_covered": 60.0, "percent_statements_covered_display": "60"}, "missing_lines": [65, 66], "excluded_lines": []}, "liveness_check": {"executed_lines": [76], "summary": {"covered_lines": 1, "num_statements": 1, "percent_covered": 100.0, "percent_covered_display": "100", "missing_lines": 0, "excluded_lines": 0, "percent_statements_covered": 100.0, "percent_statements_covered_display": "100"}, "missing_lines": [], "excluded_lines": []}, "": {"executed_lines": [1, 2, 3, 4, 5, 6, 7, 8, 10, 12, 15, 18, 19, 55, 56, 69, 70], "summary": {"covered_lines": 16, "num_statements": 16, "percent_covered": 100.0, "percent_covered_display": "100", "missing_lines": 0, "excluded_lines": 0, "percent_statements_covered": 100.0, "percent_statements_covered_display": "100"}, "missing_lines": [], "excluded_lines": []}}, "classes": {"": {"executed_lines": [1, 2, 3, 4, 5, 6, 7, 8, 10, 12, 15, 18, 19, 31, 39, 40, 41, 52, 55, 56, 62, 63, 64, 69, 70, 76], "summary": {"covered_lines": 25, "num_statements": 30, "percent_covered": 83.33333333333333, "percent_covered_display": "83", "missing_lines": 5, "excluded_lines": 0, "percent_statements_covered": 83.33333333333333, "percent_statements_covered_display": "83"}, "missing_lines": [45, 46, 47, 65, 66], "excluded_lines": []}}}, "app\\routers\\presets.py": {"executed_lines": [1, 2, 3, 4, 5, 6, 7, 11, 12, 14, 16, 17, 22, 35, 47, 48, 55, 62, 63, 66, 76, 77, 80, 90, 101, 102, 108, 113, 114, 120, 130, 141, 142, 193, 194, 200, 205, 206, 211, 212, 214], "summary": {"covered_lines": 41, "num_statements": 56, "percent_covered": 73.21428571428571, "percent_covered_display": "73", "missing_lines": 15, "excluded_lines": 0, "percent_statements_covered": 73.21428571428571, "percent_statements_covered_display": "73"}, "missing_lines": [67, 74, 149, 154, 155, 161, 162, 163, 164, 165, 166, 168, 169, 172, 182], "excluded_lines": [], "functions": {"get_user_presets": {"executed_lines": [22, 35], "summary": {"covered_lines": 2, "num_statements": 2, "percent_covered": 100.0, "percent_covered_display": "100", "missing_lines": 0, "excluded_lines": 0, "percent_statements_covered": 100.0, "percent_statements_covered_display": "100"}, "missing_lines": [], "excluded_lines": []}, "create_preset": {"executed_lines": [55, 62, 63, 66, 76, 77, 80, 90], "summary": {"covered_lines": 8, "num_statements": 10, "percent_covered": 80.0, "percent_covered_display": "80", "missing_lines": 2, "excluded_lines": 0, "percent_statements_covered": 80.0, "percent_statements_covered_display": "80"}, "missing_lines": [67, 74], "excluded_lines": []}, "get_preset": {"executed_lines": [108, 113, 114, 120, 130], "summary": {"covered_lines": 5, "num_statements": 5, "percent_covered": 100.0, "percent_covered_display": "100", "missing_lines": 0, "excluded_lines": 0, "percent_statements_covered": 100.0, "percent_statements_covered_display": "100"}, "missing_lines": [], "excluded_lines": []}, "update_preset": {"executed_lines": [], "summary": {"covered_lines": 0, "num_statements": 13, "percent_covered": 0.0, "percent_covered_display": "0", "missing_lines": 13, "excluded_lines": 0, "percent_statements_covered": 0.0, "percent_statements_covered_display": "0"}, "missing_lines": [149, 154, 155, 161, 162, 163, 164, 165, 166, 168, 169, 172, 182], "excluded_lines": []}, "delete_preset": {"executed_lines": [200, 205, 206, 211, 212, 214], "summary": {"covered_lines": 6, "num_statements": 6, "percent_covered": 100.0, "percent_covered_display": "100", "missing_lines": 0, "excluded_lines": 0, "percent_statements_covered": 100.0, "percent_statements_covered_display": "100"}, "missing_lines": [], "excluded_lines": []}, "": {"executed_lines": [1, 2, 3, 4, 5, 6, 7, 11, 12, 14, 16, 17, 47, 48, 101, 102, 141, 142, 193, 194], "summary": {"covered_lines": 20, "num_statements": 20, "percent_covered": 100.0, "percent_covered_display": "100", "missing_lines": 0, "excluded_lines": 0, "percent_statements_covered": 100.0, "percent_statements_covered_display": "100"}, "missing_lines": [], "excluded_lines": []}}, "classes": {"": {"executed_lines": [1, 2, 3, 4, 5, 6, 7, 11, 12, 14, 16, 17, 22, 35, 47, 48, 55, 62, 63, 66, 76, 77, 80, 90, 101, 102, 108, 113, 114, 120, 130, 141, 142, 193, 194, 200, 205, 206, 211, 212, 214], "summary": {"covered_lines": 41, "num_statements": 56, "percent_covered": 73.21428571428571, "percent_covered_display": "73", "missing_lines": 15, "excluded_lines": 0, "percent_statements_covered": 73.21428571428571, "percent_statements_covered_display": "73"}, "missing_lines": [67, 74, 149, 154, 155, 161, 162, 163, 164, 165, 166, 168, 169, 172, 182], "excluded_lines": []}}}, "app\\routers\\simple_creature_images.py": {"executed_lines": [1, 2, 3, 4, 5, 6, 7, 8, 11, 12, 14, 17, 18, 20, 33, 43, 64, 90, 91, 154, 155, 184, 185, 209, 210, 235, 236, 275, 276], "summary": {"covered_lines": 29, "num_statements": 155, "percent_covered": 18.70967741935484, "percent_covered_display": "19", "missing_lines": 126, "excluded_lines": 0, "percent_statements_covered": 18.70967741935484, "percent_statements_covered_display": "19"}, "missing_lines": [22, 23, 24, 25, 27, 28, 29, 30, 31, 35, 36, 37, 38, 39, 40, 41, 45, 47, 48, 49, 52, 54, 55, 57, 58, 59, 60, 62, 66, 69, 70, 73, 74, 75, 76, 77, 78, 81, 82, 83, 84, 85, 86, 88, 99, 101, 103, 104, 105, 113, 116, 118, 121, 123, 124, 125, 126, 134, 135, 137, 144, 145, 146, 157, 158, 159, 162, 164, 173, 180, 181, 182, 187, 188, 189, 190, 192, 193, 195, 196, 197, 203, 205, 206, 207, 215, 216, 217, 219, 221, 222, 223, 229, 231, 232, 233, 241, 243, 244, 247, 250, 251, 252, 253, 256, 257, 262, 264, 271, 272, 273, 278, 279, 280, 282, 283, 284, 285, 286, 288, 290, 292, 293, 294, 295, 296], "excluded_lines": [], "functions": {"load_creature_database": {"executed_lines": [], "summary": {"covered_lines": 0, "num_statements": 9, "percent_covered": 0.0, "percent_covered_display": "0", "missing_lines": 9, "excluded_lines": 0, "percent_statements_covered": 0.0, "percent_statements_covered_display": "0"}, "missing_lines": [22, 23, 24, 25, 27, 28, 29, 30, 31], "excluded_lines": []}, "save_creature_database": {"executed_lines": [], "summary": {"covered_lines": 0, "num_statements": 7, "percent_covered": 0.0, "percent_covered_display": "0", "missing_lines": 7, "excluded_lines": 0, "percent_statements_covered": 0.0, "percent_statements_covered_display": "0"}, "missing_lines": [35, 36, 37, 38, 39, 40, 41], "excluded_lines": []}, "scan_local_images": {"executed_lines": [], "summary": {"covered_lines": 0, "num_statements": 12, "percent_covered": 0.0, "percent_covered_display": "0", "missing_lines": 12, "excluded_lines": 0, "percent_statements_covered": 0.0, "percent_statements_covered_display": "0"}, "missing_lines": [45, 47, 48, 49, 52, 54, 55, 57, 58, 59, 60, 62], "excluded_lines": []}, "find_creature_image": {"executed_lines": [], "summary": {"covered_lines": 0, "num_statements": 16, "percent_covered": 0.0, "percent_covered_display": "0", "missing_lines": 16, "excluded_lines": 0, "percent_statements_covered": 0.0, "percent_statements_covered_display": "0"}, "missing_lines": [66, 69, 70, 73, 74, 75, 76, 77, 78, 81, 82, 83, 84, 85, 86, 88], "excluded_lines": []}, "get_creature_image": {"executed_lines": [], "summary": {"covered_lines": 0, "num_statements": 19, "percent_covered": 0.0, "percent_covered_display": "0", "missing_lines": 19, "excluded_lines": 0, "percent_statements_covered": 0.0, "percent_statements_covered_display": "0"}, "missing_lines": [99, 101, 103, 104, 105, 113, 116, 118, 121, 123, 124, 125, 126, 134, 135, 137, 144, 145, 146], "excluded_lines": []}, "list_all_creatures": {"executed_lines": [], "summary": {"covered_lines": 0, "num_statements": 9, "percent_covered": 0.0, "percent_covered_display": "0", "missing_lines": 9, "excluded_lines": 0, "percent_statements_covered": 0.0, "percent_statements_covered_display": "0"}, "missing_lines": [157, 158, 159, 162, 164, 173, 180, 181, 182], "excluded_lines": []}, "search_creatures": {"executed_lines": [], "summary": {"covered_lines": 0, "num_statements": 13, "percent_covered": 0.0, "percent_covered_display": "0", "missing_lines": 13, "excluded_lines": 0, "percent_statements_covered": 0.0, "percent_statements_covered_display": "0"}, "missing_lines": [187, 188, 189, 190, 192, 193, 195, 196, 197, 203, 205, 206, 207], "excluded_lines": []}, "add_creature": {"executed_lines": [], "summary": {"covered_lines": 0, "num_statements": 11, "percent_covered": 0.0, "percent_covered_display": "0", "missing_lines": 11, "excluded_lines": 0, "percent_statements_covered": 0.0, "percent_statements_covered_display": "0"}, "missing_lines": [215, 216, 217, 219, 221, 222, 223, 229, 231, 232, 233], "excluded_lines": []}, "upload_creature_image": {"executed_lines": [], "summary": {"covered_lines": 0, "num_statements": 15, "percent_covered": 0.0, "percent_covered_display": "0", "missing_lines": 15, "excluded_lines": 0, "percent_statements_covered": 0.0, "percent_statements_covered_display": "0"}, "missing_lines": [241, 243, 244, 247, 250, 251, 252, 253, 256, 257, 262, 264, 271, 272, 273], "excluded_lines": []}, "remove_creature": {"executed_lines": [], "summary": {"covered_lines": 0, "num_statements": 15, "percent_covered": 0.0, "percent_covered_display": "0", "missing_lines": 15, "excluded_lines": 0, "percent_statements_covered": 0.0, "percent_statements_covered_display": "0"}, "missing_lines": [278, 279, 280, 282, 283, 284, 285, 286, 288, 290, 292, 293, 294, 295, 296], "excluded_lines": []}, "": {"executed_lines": [1, 2, 3, 4, 5, 6, 7, 8, 11, 12, 14, 17, 18, 20, 33, 43, 64, 90, 91, 154, 155, 184, 185, 209, 210, 235, 236, 275, 276], "summary": {"covered_lines": 29, "num_statements": 29, "percent_covered": 100.0, "percent_covered_display": "100", "missing_lines": 0, "excluded_lines": 0, "percent_statements_covered": 100.0, "percent_statements_covered_display": "100"}, "missing_lines": [], "excluded_lines": []}}, "classes": {"": {"executed_lines": [1, 2, 3, 4, 5, 6, 7, 8, 11, 12, 14, 17, 18, 20, 33, 43, 64, 90, 91, 154, 155, 184, 185, 209, 210, 235, 236, 275, 276], "summary": {"covered_lines": 29, "num_statements": 155, "percent_covered": 18.70967741935484, "percent_covered_display": "19", "missing_lines": 126, "excluded_lines": 0, "percent_statements_covered": 18.70967741935484, "percent_statements_covered_display": "19"}, "missing_lines": [22, 23, 24, 25, 27, 28, 29, 30, 31, 35, 36, 37, 38, 39, 40, 41, 45, 47, 48, 49, 52, 54, 55, 57, 58, 59, 60, 62, 66, 69, 70, 73, 74, 75, 76, 77, 78, 81, 82, 83, 84, 85, 86, 88, 99, 101, 103, 104, 105, 113, 116, 118, 121, 123, 124, 125, 126, 134, 135, 137, 144, 145, 146, 157, 158, 159, 162, 164, 173, 180, 181, 182, 187, 188, 189, 190, 192, 193, 195, 196, 197, 203, 205, 206, 207, 215, 216, 217, 219, 221, 222, 223, 229, 231, 232, 233, 241, 243, 244, 247, 250, 251, 252, 253, 256, 257, 262, 264, 271, 272, 273, 278, 279, 280, 282, 283, 284, 285, 286, 288, 290, 292, 293, 294, 295, 296], "excluded_lines": []}}}, "app\\routers\\uploads.py": {"executed_lines": [1, 2, 3, 4, 5, 6, 7, 8, 9, 11, 13, 15, 19, 30, 31, 65, 66, 78, 79], "summary": {"covered_lines": 19, "num_statements": 45, "percent_covered": 42.22222222222222, "percent_covered_display": "42", "missing_lines": 26, "excluded_lines": 0, "percent_statements_covered": 42.22222222222222, "percent_statements_covered_display": "42"}, "missing_lines": [17, 21, 22, 24, 25, 26, 28, 37, 38, 44, 45, 50, 52, 55, 57, 59, 60, 68, 70, 71, 76, 85, 88, 90, 92, 94], "excluded_lines": [], "functions": {"get_file_extension": {"executed_lines": [], "summary": {"covered_lines": 0, "num_statements": 1, "percent_covered": 0.0, "percent_covered_display": "0", "missing_lines": 1, "excluded_lines": 0, "percent_statements_covered": 0.0, "percent_statements_covered_display": "0"}, "missing_lines": [17], "excluded_lines": []}, "validate_image_file": {"executed_lines": [], "summary": {"covered_lines": 0, "num_statements": 6, "percent_covered": 0.0, "percent_covered_display": "0", "missing_lines": 6, "excluded_lines": 0, "percent_statements_covered": 0.0, "percent_statements_covered_display": "0"}, "missing_lines": [21, 22, 24, 25, 26, 28], "excluded_lines": []}, "upload_image": {"executed_lines": [], "summary": {"covered_lines": 0, "num_statements": 10, "percent_covered": 0.0, "percent_covered_display": "0", "missing_lines": 10, "excluded_lines": 0, "percent_statements_covered": 0.0, "percent_statements_covered_display": "0"}, "missing_lines": [37, 38, 44, 45, 50, 52, 55, 57, 59, 60], "excluded_lines": []}, "get_image": {"executed_lines": [], "summary": {"covered_lines": 0, "num_statements": 4, "percent_covered": 0.0, "percent_covered_display": "0", "missing_lines": 4, "excluded_lines": 0, "percent_statements_covered": 0.0, "percent_statements_covered_display": "0"}, "missing_lines": [68, 70, 71, 76], "excluded_lines": []}, "delete_image": {"executed_lines": [], "summary": {"covered_lines": 0, "num_statements": 5, "percent_covered": 0.0, "percent_covered_display": "0", "missing_lines": 5, "excluded_lines": 0, "percent_statements_covered": 0.0, "percent_statements_covered_display": "0"}, "missing_lines": [85, 88, 90, 92, 94], "excluded_lines": []}, "": {"executed_lines": [1, 2, 3, 4, 5, 6, 7, 8, 9, 11, 13, 15, 19, 30, 31, 65, 66, 78, 79], "summary": {"covered_lines": 19, "num_statements": 19, "percent_covered": 100.0, "percent_covered_display": "100", "missing_lines": 0, "excluded_lines": 0, "percent_statements_covered": 100.0, "percent_statements_covered_display": "100"}, "missing_lines": [], "excluded_lines": []}}, "classes": {"": {"executed_lines": [1, 2, 3, 4, 5, 6, 7, 8, 9, 11, 13, 15, 19, 30, 31, 65, 66, 78, 79], "summary": {"covered_lines": 19, "num_statements": 45, "percent_covered": 42.22222222222222, "percent_covered_display": "42", "missing_lines": 26, "excluded_lines": 0, "percent_statements_covered": 42.22222222222222, "percent_statements_covered_display": "42"}, "missing_lines": [17, 21, 22, 24, 25, 26, 28, 37, 38, 44, 45, 50, 52, 55, 57, 59, 60, 68, 70, 71, 76, 85, 88, 90, 92, 94], "excluded_lines": []}}}, "app\\routers\\users.py": {"executed_lines": [1, 2, 3, 4, 5, 6, 8, 10, 11, 13, 15, 16, 23, 25, 26, 31, 32, 33], "summary": {"covered_lines": 18, "num_statements": 18, "percent_covered": 100.0, "percent_covered_display": "100", "missing_lines": 0, "excluded_lines": 0, "percent_statements_covered": 100.0, "percent_statements_covered_display": "100"}, "missing_lines": [], "excluded_lines": [], "functions": {"get_user_profile": {"executed_lines": [13], "summary": {"covered_lines": 1, "num_statements": 1, "percent_covered": 100.0, "percent_covered_display": "100", "missing_lines": 0, "excluded_lines": 0, "percent_statements_covered": 100.0, "percent_statements_covered_display": "100"}, "missing_lines": [], "excluded_lines": []}, "update_user_profile": {"executed_lines": [23], "summary": {"covered_lines": 1, "num_statements": 1, "percent_covered": 100.0, "percent_covered_display": "100", "missing_lines": 0, "excluded_lines": 0, "percent_statements_covered": 100.0, "percent_statements_covered_display": "100"}, "missing_lines": [], "excluded_lines": []}, "delete_user_account": {"executed_lines": [31, 32, 33], "summary": {"covered_lines": 3, "num_statements": 3, "percent_covered": 100.0, "percent_covered_display": "100", "missing_lines": 0, "excluded_lines": 0, "percent_statements_covered": 100.0, "percent_statements_covered_display": "100"}, "missing_lines": [], "excluded_lines": []}, "": {"executed_lines": [1, 2, 3, 4, 5, 6, 8, 10, 11, 15, 16, 25, 26], "summary": {"covered_lines": 13, "num_statements": 13, "percent_covered": 100.0, "percent_covered_display": "100", "missing_lines": 0, "excluded_lines": 0, "percent_statements_covered": 100.0, "percent_statements_covered_display": "100"}, "missing_lines": [], "excluded_lines": []}}, "classes": {"": {"executed_lines": [1, 2, 3, 4, 5, 6, 8, 10, 11, 13, 15, 16, 23, 25, 26, 31, 32, 33], "summary": {"covered_lines": 18, "num_statements": 18, "percent_covered": 100.0, "percent_covered_display": "100", "missing_lines": 0, "excluded_lines": 0, "percent_statements_covered": 100.0, "percent_statements_covered_display": "100"}, "missing_lines": [], "excluded_lines": []}}}, "app\\utils\\__init__.py": {"executed_lines": [2, 3, 5], "summary": {"covered_lines": 3, "num_statements": 3, "percent_covered": 100.0, "percent_covered_display": "100", "missing_lines": 0, "excluded_lines": 0, "percent_statements_covered": 100.0, "percent_statements_covered_display": "100"}, "missing_lines": [], "excluded_lines": [], "functions": {"": {"executed_lines": [2, 3, 5], "summary": {"covered_lines": 3, "num_statements": 3, "percent_covered": 100.0, "percent_covered_display": "100", "missing_lines": 0, "excluded_lines": 0, "percent_statements_covered": 100.0, "percent_statements_covered_display": "100"}, "missing_lines": [], "excluded_lines": []}}, "classes": {"": {"executed_lines": [2, 3, 5], "summary": {"covered_lines": 3, "num_statements": 3, "percent_covered": 100.0, "percent_covered_display": "100", "missing_lines": 0, "excluded_lines": 0, "percent_statements_covered": 100.0, "percent_statements_covered_display": "100"}, "missing_lines": [], "excluded_lines": []}}}, "app\\utils\\auth.py": {"executed_lines": [1, 2, 3, 4, 5, 8, 10, 13, 15, 17, 19, 21, 22, 23, 25, 30, 32, 34, 35, 40, 41, 42], "summary": {"covered_lines": 22, "num_statements": 22, "percent_covered": 100.0, "percent_covered_display": "100", "missing_lines": 0, "excluded_lines": 0, "percent_statements_covered": 100.0, "percent_statements_covered_display": "100"}, "missing_lines": [], "excluded_lines": [], "functions": {"hash_password": {"executed_lines": [13], "summary": {"covered_lines": 1, "num_statements": 1, "percent_covered": 100.0, "percent_covered_display": "100", "missing_lines": 0, "excluded_lines": 0, "percent_statements_covered": 100.0, "percent_statements_covered_display": "100"}, "missing_lines": [], "excluded_lines": []}, "verify_password": {"executed_lines": [17], "summary": {"covered_lines": 1, "num_statements": 1, "percent_covered": 100.0, "percent_covered_display": "100", "missing_lines": 0, "excluded_lines": 0, "percent_statements_covered": 100.0, "percent_statements_covered_display": "100"}, "missing_lines": [], "excluded_lines": []}, "create_access_token": {"executed_lines": [21, 22, 23, 25, 30], "summary": {"covered_lines": 5, "num_statements": 5, "percent_covered": 100.0, "percent_covered_display": "100", "missing_lines": 0, "excluded_lines": 0, "percent_statements_covered": 100.0, "percent_statements_covered_display": "100"}, "missing_lines": [], "excluded_lines": []}, "verify_token": {"executed_lines": [34, 35, 40, 41, 42], "summary": {"covered_lines": 5, "num_statements": 5, "percent_covered": 100.0, "percent_covered_display": "100", "missing_lines": 0, "excluded_lines": 0, "percent_statements_covered": 100.0, "percent_statements_covered_display": "100"}, "missing_lines": [], "excluded_lines": []}, "": {"executed_lines": [1, 2, 3, 4, 5, 8, 10, 15, 19, 32], "summary": {"covered_lines": 10, "num_statements": 10, "percent_covered": 100.0, "percent_covered_display": "100", "missing_lines": 0, "excluded_lines": 0, "percent_statements_covered": 100.0, "percent_statements_covered_display": "100"}, "missing_lines": [], "excluded_lines": []}}, "classes": {"": {"executed_lines": [1, 2, 3, 4, 5, 8, 10, 13, 15, 17, 19, 21, 22, 23, 25, 30, 32, 34, 35, 40, 41, 42], "summary": {"covered_lines": 22, "num_statements": 22, "percent_covered": 100.0, "percent_covered_display": "100", "missing_lines": 0, "excluded_lines": 0, "percent_statements_covered": 100.0, "percent_statements_covered_display": "100"}, "missing_lines": [], "excluded_lines": []}}}, "app\\utils\\dependencies.py": {"executed_lines": [1, 2, 3, 4, 5, 6, 7, 9, 11, 16, 17, 19, 20, 27, 28, 35, 36, 37, 42], "summary": {"covered_lines": 19, "num_statements": 22, "percent_covered": 86.36363636363636, "percent_covered_display": "86", "missing_lines": 3, "excluded_lines": 0, "percent_statements_covered": 86.36363636363636, "percent_statements_covered_display": "86"}, "missing_lines": [21, 29, 30], "excluded_lines": [], "functions": {"get_current_user": {"executed_lines": [16, 17, 19, 20, 27, 28, 35, 36, 37, 42], "summary": {"covered_lines": 10, "num_statements": 13, "percent_covered": 76.92307692307692, "percent_covered_display": "77", "missing_lines": 3, "excluded_lines": 0, "percent_statements_covered": 76.92307692307692, "percent_statements_covered_display": "77"}, "missing_lines": [21, 29, 30], "excluded_lines": []}, "": {"executed_lines": [1, 2, 3, 4, 5, 6, 7, 9, 11], "summary": {"covered_lines": 9, "num_statements": 9, "percent_covered": 100.0, "percent_covered_display": "100", "missing_lines": 0, "excluded_lines": 0, "percent_statements_covered": 100.0, "percent_statements_covered_display": "100"}, "missing_lines": [], "excluded_lines": []}}, "classes": {"": {"executed_lines": [1, 2, 3, 4, 5, 6, 7, 9, 11, 16, 17, 19, 20, 27, 28, 35, 36, 37, 42], "summary": {"covered_lines": 19, "num_statements": 22, "percent_covered": 86.36363636363636, "percent_covered_display": "86", "missing_lines": 3, "excluded_lines": 0, "percent_statements_covered": 86.36363636363636, "percent_statements_covered_display": "86"}, "missing_lines": [21, 29, 30], "excluded_lines": []}}}, "app\\utils\\metrics.py": {"executed_lines": [1, 2, 3, 4, 5, 6, 7, 8, 11, 14, 21, 28, 35, 43, 51, 57, 64, 71, 72, 75, 76, 78, 81, 84, 85, 88, 91, 93, 94, 95, 98, 105, 106, 112, 125, 126, 129, 132, 133, 134, 140, 143, 144], "summary": {"covered_lines": 41, "num_statements": 48, "percent_covered": 85.41666666666667, "percent_covered_display": "85", "missing_lines": 7, "excluded_lines": 0, "percent_statements_covered": 85.41666666666667, "percent_statements_covered_display": "85"}, "missing_lines": [82, 114, 116, 121, 135, 136, 150], "excluded_lines": [], "functions": {"PrometheusMiddleware.dispatch": {"executed_lines": [81, 84, 85, 88, 91, 93, 94, 95, 98, 105, 106, 112, 125, 126, 129, 132, 133, 134], "summary": {"covered_lines": 18, "num_statements": 24, "percent_covered": 75.0, "percent_covered_display": "75", "missing_lines": 6, "excluded_lines": 0, "percent_statements_covered": 75.0, "percent_statements_covered_display": "75"}, "missing_lines": [82, 114, 116, 121, 135, 136], "excluded_lines": []}, "metrics": {"executed_lines": [], "summary": {"covered_lines": 0, "num_statements": 1, "percent_covered": 0.0, "percent_covered_display": "0", "missing_lines": 1, "excluded_lines": 0, "percent_statements_covered": 0.0, "percent_statements_covered_display": "0"}, "missing_lines": [150], "excluded_lines": []}, "": {"executed_lines": [1, 2, 3, 4, 5, 6, 7, 8, 11, 14, 21, 28, 35, 43, 51, 57, 64, 71, 72, 75, 76, 78, 140, 143, 144], "summary": {"covered_lines": 23, "num_statements": 23, "percent_covered": 100.0, "percent_covered_display": "100", "missing_lines": 0, "excluded_lines": 0, "percent_statements_covered": 100.0, "percent_statements_covered_display": "100"}, "missing_lines": [], "excluded_lines": []}}, "classes": {"PrometheusMiddleware": {"executed_lines": [81, 84, 85, 88, 91, 93, 94, 95, 98, 105, 106, 112, 125, 126, 129, 132, 133, 134], "summary": {"covered_lines": 18, "num_statements": 24, "percent_covered": 75.0, "percent_covered_display": "75", "missing_lines": 6, "excluded_lines": 0, "percent_statements_covered": 75.0, "percent_statements_covered_display": "75"}, "missing_lines": [82, 114, 116, 121, 135, 136], "excluded_lines": []}, "": {"executed_lines": [1, 2, 3, 4, 5, 6, 7, 8, 11, 14, 21, 28, 35, 43, 51, 57, 64, 71, 72, 75, 76, 78, 140, 143, 144], "summary": {"covered_lines": 23, "num_statements": 24, "percent_covered": 95.83333333333333, "percent_covered_display": "96", "missing_lines": 1, "excluded_lines": 0, "percent_statements_covered": 95.83333333333333, "percent_statements_covered_display": "96"}, "missing_lines": [150], "excluded_lines": []}}}, "app\\utils\\storage.py": {"executed_lines": [1, 4, 5, 6, 7, 8, 9, 10, 11, 14, 15, 17, 18, 21, 22, 24, 25, 26, 33, 42, 76, 99, 122, 135, 142, 157, 174], "summary": {"covered_lines": 25, "num_statements": 92, "percent_covered": 27.17391304347826, "percent_covered_display": "27", "missing_lines": 67, "excluded_lines": 0, "percent_statements_covered": 27.17391304347826, "percent_statements_covered_display": "27"}, "missing_lines": [16, 27, 30, 31, 35, 36, 37, 38, 39, 40, 60, 61, 64, 65, 68, 69, 71, 72, 74, 78, 79, 82, 83, 84, 85, 88, 89, 92, 93, 94, 95, 96, 97, 101, 102, 108, 110, 117, 118, 119, 120, 125, 126, 129, 130, 133, 137, 138, 140, 144, 146, 147, 151, 152, 153, 154, 155, 159, 161, 162, 164, 165, 166, 167, 168, 169, 170], "excluded_lines": [], "functions": {"StorageService.__init__": {"executed_lines": [25, 26], "summary": {"covered_lines": 2, "num_statements": 5, "percent_covered": 40.0, "percent_covered_display": "40", "missing_lines": 3, "excluded_lines": 0, "percent_statements_covered": 40.0, "percent_statements_covered_display": "40"}, "missing_lines": [27, 30, 31], "excluded_lines": []}, "StorageService._ensure_container_exists": {"executed_lines": [], "summary": {"covered_lines": 0, "num_statements": 6, "percent_covered": 0.0, "percent_covered_display": "0", "missing_lines": 6, "excluded_lines": 0, "percent_statements_covered": 0.0, "percent_statements_covered_display": "0"}, "missing_lines": [35, 36, 37, 38, 39, 40], "excluded_lines": []}, "StorageService.save_image": {"executed_lines": [], "summary": {"covered_lines": 0, "num_statements": 9, "percent_covered": 0.0, "percent_covered_display": "0", "missing_lines": 9, "excluded_lines": 0, "percent_statements_covered": 0.0, "percent_statements_covered_display": "0"}, "missing_lines": [60, 61, 64, 65, 68, 69, 71, 72, 74], "excluded_lines": []}, "StorageService._optimize_image": {"executed_lines": [], "summary": {"covered_lines": 0, "num_statements": 14, "percent_covered": 0.0, "percent_covered_display": "0", "missing_lines": 14, "excluded_lines": 0, "percent_statements_covered": 0.0, "percent_statements_covered_display": "0"}, "missing_lines": [78, 79, 82, 83, 84, 85, 88, 89, 92, 93, 94, 95, 96, 97], "excluded_lines": []}, "StorageService._save_to_azure": {"executed_lines": [], "summary": {"covered_lines": 0, "num_statements": 8, "percent_covered": 0.0, "percent_covered_display": "0", "missing_lines": 8, "excluded_lines": 0, "percent_statements_covered": 0.0, "percent_statements_covered_display": "0"}, "missing_lines": [101, 102, 108, 110, 117, 118, 119, 120], "excluded_lines": []}, "StorageService._save_to_local": {"executed_lines": [], "summary": {"covered_lines": 0, "num_statements": 5, "percent_covered": 0.0, "percent_covered_display": "0", "missing_lines": 5, "excluded_lines": 0, "percent_statements_covered": 0.0, "percent_statements_covered_display": "0"}, "missing_lines": [125, 126, 129, 130, 133], "excluded_lines": []}, "StorageService.delete_image": {"executed_lines": [], "summary": {"covered_lines": 0, "num_statements": 3, "percent_covered": 0.0, "percent_covered_display": "0", "missing_lines": 3, "excluded_lines": 0, "percent_statements_covered": 0.0, "percent_statements_covered_display": "0"}, "missing_lines": [137, 138, 140], "excluded_lines": []}, "StorageService._delete_from_azure": {"executed_lines": [], "summary": {"covered_lines": 0, "num_statements": 8, "percent_covered": 0.0, "percent_covered_display": "0", "missing_lines": 8, "excluded_lines": 0, "percent_statements_covered": 0.0, "percent_statements_covered_display": "0"}, "missing_lines": [144, 146, 147, 151, 152, 153, 154, 155], "excluded_lines": []}, "StorageService._delete_from_local": {"executed_lines": [], "summary": {"covered_lines": 0, "num_statements": 10, "percent_covered": 0.0, "percent_covered_display": "0", "missing_lines": 10, "excluded_lines": 0, "percent_statements_covered": 0.0, "percent_statements_covered_display": "0"}, "missing_lines": [159, 161, 162, 164, 165, 166, 167, 168, 169, 170], "excluded_lines": []}, "": {"executed_lines": [1, 4, 5, 6, 7, 8, 9, 10, 11, 14, 15, 17, 18, 21, 22, 24, 33, 42, 76, 99, 122, 135, 142, 157, 174], "summary": {"covered_lines": 23, "num_statements": 24, "percent_covered": 95.83333333333333, "percent_covered_display": "96", "missing_lines": 1, "excluded_lines": 0, "percent_statements_covered": 95.83333333333333, "percent_statements_covered_display": "96"}, "missing_lines": [16], "excluded_lines": []}}, "classes": {"StorageService": {"executed_lines": [25, 26], "summary": {"covered_lines": 2, "num_statements": 68, "percent_covered": 2.9411764705882355, "percent_covered_display": "3", "missing_lines": 66, "excluded_lines": 0, "percent_statements_covered": 2.9411764705882355, "percent_statements_covered_display": "3"}, "missing_lines": [27, 30, 31, 35, 36, 37, 38, 39, 40, 60, 61, 64, 65, 68, 69, 71, 72, 74, 78, 79, 82, 83, 84, 85, 88, 89, 92, 93, 94, 95, 96, 97, 101, 102, 108, 110, 117, 118, 119, 120, 125, 126, 129, 130, 133, 137, 138, 140, 144, 146, 147, 151, 152, 153, 154, 155, 159, 161, 162, 164, 165, 166, 167, 168, 169, 170], "excluded_lines": []}, "": {"executed_lines": [1, 4, 5, 6, 7, 8, 9, 10, 11, 14, 15, 17, 18, 21, 22, 24, 33, 42, 76, 99, 122, 135, 142, 157, 174], "summary": {"covered_lines": 23, "num_statements": 24, "percent_covered": 95.83333333333333, "percent_covered_display": "96", "missing_lines": 1, "excluded_lines": 0, "percent_statements_covered": 95.83333333333333, "percent_statements_covered_display": "96"}, "missing_lines": [16], "excluded_lines": []}}}}, "totals": {"covered_lines": 630, "num_statements": 949, "percent_covered": 66.38566912539515, "percent_covered_display": "66", "missing_lines": 319, "excluded_lines": 0, "percent_statements_covered": 66.38566912539515, "percent_statements_covered_display": "66"}}